<?xml version="1.0" encoding="UTF-8"?>
<!-- Generated by org.testng.reporters.JUnitReportReporter -->
<testsuite hostname="DESKTOP-3G5IUHG" failures="0" tests="5" name="com.FWTestCases.LoginTest" time="42.739" errors="0" timestamp="2024-04-10T07:07:45 CDT" skipped="0">
  <testcase classname="com.FWTestCases.LoginTest" name="verifyLoginwithValidCredentials" time="8.755"/>
  <testcase classname="com.FWTestCases.LoginTest" name="verifyLoginwithInValidEmailAndValidPassword" time="6.747"/>
  <testcase classname="com.FWTestCases.LoginTest" name="verifyLoginwithInValidCredentials" time="8.651"/>
  <testcase classname="com.FWTestCases.LoginTest" name="verifyLoginwithValidEmailAndInValidPassword" time="8.951"/>
  <testcase classname="com.FWTestCases.LoginTest" name="verifyLoginwithoutProvidingCredentials" time="9.635"/>
</testsuite> <!-- com.FWTestCases.LoginTest -->
