<?xml version="1.0" encoding="UTF-8"?>
<!-- Generated by org.testng.reporters.JUnitReportReporter -->
<testsuite hostname="DESKTOP-3G5IUHG" failures="0" tests="4" name="com.FWTestCases.RegisterTest" time="39.727" errors="0" timestamp="2024-04-10T07:07:45 CDT" skipped="0">
  <testcase classname="com.FWTestCases.RegisterTest" name="registerWithPersonalDetails" time="8.534"/>
  <testcase classname="com.FWTestCases.RegisterTest" name="registerFillingAllDetails" time="8.919"/>
  <testcase classname="com.FWTestCases.RegisterTest" name="registerWithExistingCredentials" time="11.864"/>
  <testcase classname="com.FWTestCases.RegisterTest" name="registerWithoutProvidingCredentials" time="10.410"/>
</testsuite> <!-- com.FWTestCases.RegisterTest -->
