<?xml version="1.0" encoding="UTF-8"?>
<!-- Generated by org.testng.reporters.JUnitReportReporter -->
<testsuite hostname="DESKTOP-3G5IUHG" failures="0" tests="3" name="com.FWTestCases.SearchTest" time="41.912" errors="0" timestamp="2024-04-10T07:07:45 CDT" skipped="0">
  <testcase classname="com.FWTestCases.SearchTest" name="searchValidProduct" time="12.457"/>
  <testcase classname="com.FWTestCases.SearchTest" name="searchInValidProduct" time="20.709"/>
  <testcase classname="com.FWTestCases.SearchTest" name="searchwithoutPrividinganyName" time="8.746"/>
</testsuite> <!-- com.FWTestCases.SearchTest -->
